F:\clients\Impre\ppc-master\Portal\wwwroot\js\utilities.js
F:\clients\Impre\ppc-master\Portal\wwwroot\js\components\modal.js
F:\clients\Impre\ppc-master\Portal\wwwroot\js\app.js
F:\clients\Impre\ppc-master\Portal\wwwroot\js\binding.js
F:\clients\Impre\ppc-master\Portal\wwwroot\js\modals\doc-upload-modal.js
F:\clients\Impre\ppc-master\Portal\wwwroot\js\components\events.js
F:\clients\Impre\ppc-master\Portal\wwwroot\js\components\tabs.js
F:\clients\Impre\ppc-master\Portal\wwwroot\js\components\project-budget-bar.js
F:\clients\Impre\ppc-master\Portal\wwwroot\js\components\notification.js
F:\clients\Impre\ppc-master\Portal\wwwroot\js\budgets.js
F:\clients\Impre\ppc-master\Portal\wwwroot\js\components\email.js
F:\clients\Impre\ppc-master\Portal\wwwroot\js\components\phone.js
F:\clients\Impre\ppc-master\Portal\wwwroot\js\components\location.js
F:\clients\Impre\ppc-master\Portal\wwwroot\js\contacts.js
F:\clients\Impre\ppc-master\Portal\wwwroot\js\deposits.js
F:\clients\Impre\ppc-master\Portal\wwwroot\js\messagehelper.js
F:\clients\Impre\ppc-master\Portal\wwwroot\js\messagingts.js
F:\clients\Impre\ppc-master\Portal\wwwroot\js\pmassignments.js
F:\clients\Impre\ppc-master\Portal\wwwroot\js\components\accordian.js
F:\clients\Impre\ppc-master\Portal\wwwroot\js\components\sliding-panel.js
F:\clients\Impre\ppc-master\Portal\wwwroot\js\components\alerts-custom-panel.js
F:\clients\Impre\ppc-master\Portal\wwwroot\js\components\project-schedule-bar.js
F:\clients\Impre\ppc-master\Portal\wwwroot\js\project-control-center.js
F:\clients\Impre\ppc-master\Portal\wwwroot\js\project-details.js
F:\clients\Impre\ppc-master\Portal\wwwroot\js\purchaseOrders.js
F:\clients\Impre\ppc-master\Portal\wwwroot\js\purchaseOrders_old.js
F:\clients\Impre\ppc-master\Portal\wwwroot\js\quotes.js
F:\clients\Impre\ppc-master\Portal\wwwroot\js\rfis.js
F:\clients\Impre\ppc-master\Portal\wwwroot\js\scheduling.js
F:\clients\Impre\ppc-master\Portal\wwwroot\js\submittals.js
F:\clients\Impre\ppc-master\Portal\wwwroot\js\vendors.js
F:\clients\Impre\ppc-master\Portal\wwwroot\js\components\document-cards.js
